2018-05-13 22:15:38,374 ERROR (DangQianYeDataC.java:258)- ---当前页数据,用于那个界面？----dingJiaType=《null》---------------------
2018-05-13 22:16:37,766 ERROR (AllExceptionHandler.java:17)- nested exception is org.apache.ibatis.exceptions.PersistenceException: 
### Error querying database.  Cause: org.springframework.jdbc.CannotGetJdbcConnectionException: Could not get JDBC Connection; nested exception is java.sql.SQLException: Connections could not be acquired from the underlying database!
### The error may exist in com/winwin/picreport/Ddao/reportxmlmapper/ManyTabSerch.java (best guess)
### The error may involve com.winwin.picreport.Ddao.reportxmlmapper.ManyTabSerch.dangYangZongJiLuShu
### The error occurred while executing a query
### Cause: org.springframework.jdbc.CannotGetJdbcConnectionException: Could not get JDBC Connection; nested exception is java.sql.SQLException: Connections could not be acquired from the underlying database!
2018-05-13 22:18:57,050 ERROR (DangQianYeDataC.java:258)- ---当前页数据,用于那个界面？----dingJiaType=《null》---------------------
2018-05-13 22:19:32,513 ERROR (AllExceptionHandler.java:17)- nested exception is org.apache.ibatis.exceptions.PersistenceException: 
### Error querying database.  Cause: org.springframework.jdbc.CannotGetJdbcConnectionException: Could not get JDBC Connection; nested exception is java.sql.SQLException: Connections could not be acquired from the underlying database!
### The error may exist in com/winwin/picreport/Ddao/reportxmlmapper/ManyTabSerch.java (best guess)
### The error may involve com.winwin.picreport.Ddao.reportxmlmapper.ManyTabSerch.dangYangZongJiLuShu
### The error occurred while executing a query
### Cause: org.springframework.jdbc.CannotGetJdbcConnectionException: Could not get JDBC Connection; nested exception is java.sql.SQLException: Connections could not be acquired from the underlying database!
2018-05-13 22:43:29,537 ERROR (DangQianYeDataC.java:258)- ---dang qian ye shuju yong yu na ge yemian?----dingJiaType=<null>---------------------
2018-05-13 22:44:57,831 ERROR (DangQianYeDataC.java:258)- ---dang qian ye shuju yong yu na ge yemian?----dingJiaType=<null>---------------------
2018-05-13 23:25:34,674 ERROR (DangQianYeDataC.java:258)- ---dang qian ye shuju yong yu na ge yemian?----dingJiaType=<null>---------------------
2018-05-13 23:42:06,381 ERROR (DangQianYeDataC.java:258)- ---dang qian ye shuju yong yu na ge yemian?----dingJiaType=<null>---------------------
2018-05-13 23:43:11,402 ERROR (DangQianYeDataC.java:258)- ---dang qian ye shuju yong yu na ge yemian?----dingJiaType=<null>---------------------
2018-05-13 23:44:56,217 ERROR (DangQianYeDataC.java:258)- ---dang qian ye shuju yong yu na ge yemian?----dingJiaType=<null>---------------------
2018-05-13 23:45:44,320 ERROR (DangQianYeDataC.java:258)- ---dang qian ye shuju yong yu na ge yemian?----dingJiaType=<null>---------------------
2018-05-13 23:46:17,343 ERROR (DangQianYeDataC.java:258)- ---dang qian ye shuju yong yu na ge yemian?----dingJiaType=<null>---------------------
2018-05-13 23:46:17,734 ERROR (AllExceptionHandler.java:17)- null
2018-05-13 23:49:11,488 ERROR (DangQianYeDataC.java:258)- ---dang qian ye shuju yong yu na ge yemian?----dingJiaType=<null>---------------------
2018-05-13 23:50:58,241 ERROR (AllExceptionHandler.java:17)- null
2018-05-13 23:51:18,405 ERROR (DangQianYeDataC.java:258)- ---dang qian ye shuju yong yu na ge yemian?----dingJiaType=<null>---------------------
2018-05-13 23:52:07,598 ERROR (AllExceptionHandler.java:17)- null
2018-05-13 23:52:25,487 ERROR (DangQianYeDataC.java:258)- ---dang qian ye shuju yong yu na ge yemian?----dingJiaType=<null>---------------------
