2018-05-14 00:01:28,679 ERROR (AllExceptionHandler.java:17)- null
2018-05-14 00:01:53,531 ERROR (DangQianYeDataC.java:258)- ---dang qian ye shuju yong yu na ge yemian?----dingJiaType=<null>---------------------
2018-05-14 00:08:27,715 ERROR (DangQianYeDataC.java:258)- ---dang qian ye shuju yong yu na ge yemian?----dingJiaType=<null>---------------------
2018-05-14 00:14:02,480 ERROR (DangQianYeDataC.java:258)- ---dang qian ye shuju yong yu na ge yemian?----dingJiaType=<null>---------------------
2018-05-14 00:14:03,071 ERROR (AllExceptionHandler.java:17)- null
2018-05-14 00:14:47,061 ERROR (DangQianYeDataC.java:258)- ---dang qian ye shuju yong yu na ge yemian?----dingJiaType=<null>---------------------
2018-05-14 00:15:41,153 ERROR (AllExceptionHandler.java:17)- null
2018-05-14 00:16:15,554 ERROR (DangQianYeDataC.java:258)- ---dang qian ye shuju yong yu na ge yemian?----dingJiaType=<null>---------------------
2018-05-14 00:25:58,160 ERROR (AllExceptionHandler.java:17)- null
2018-05-14 00:27:53,582 ERROR (DangQianYeDataC.java:258)- ---dang qian ye shuju yong yu na ge yemian?----dingJiaType=<null>---------------------
2018-05-14 00:39:37,168 ERROR (AllExceptionHandler.java:17)- null
2018-05-14 00:39:50,576 ERROR (DangQianYeDataC.java:258)- ---dang qian ye shuju yong yu na ge yemian?----dingJiaType=<null>---------------------
2018-05-14 00:49:14,597 ERROR (AllExceptionHandler.java:17)- null
2018-05-14 00:49:57,135 ERROR (DangQianYeDataC.java:258)- ---dang qian ye shuju yong yu na ge yemian?----dingJiaType=<null>---------------------
2018-05-14 00:53:04,994 ERROR (AllExceptionHandler.java:17)- null
2018-05-14 00:53:21,558 ERROR (DangQianYeDataC.java:258)- ---dang qian ye shuju yong yu na ge yemian?----dingJiaType=<null>---------------------
2018-05-14 01:05:07,398 ERROR (AllExceptionHandler.java:17)- null
2018-05-14 01:06:30,673 ERROR (DangQianYeDataC.java:258)- ---dang qian ye shuju yong yu na ge yemian?----dingJiaType=<null>---------------------
2018-05-14 01:08:18,026 ERROR (AllExceptionHandler.java:17)- null
2018-05-14 01:16:59,362 ERROR (DangQianYeDataC.java:258)- ---dang qian ye shuju yong yu na ge yemian?----dingJiaType=<null>---------------------
2018-05-14 01:21:35,809 ERROR (AllExceptionHandler.java:17)- null
2018-05-14 01:23:30,650 ERROR (DangQianYeDataC.java:258)- ---dang qian ye shuju yong yu na ge yemian?----dingJiaType=<null>---------------------
2018-05-14 01:23:31,248 ERROR (AllExceptionHandler.java:17)- null
2018-05-14 01:25:44,967 ERROR (DangQianYeDataC.java:258)- ---dang qian ye shuju yong yu na ge yemian?----dingJiaType=<null>---------------------
2018-05-14 01:25:45,569 ERROR (AllExceptionHandler.java:17)- null
2018-05-14 01:26:44,175 ERROR (DangQianYeDataC.java:258)- ---dang qian ye shuju yong yu na ge yemian?----dingJiaType=<null>---------------------
2018-05-14 01:26:44,786 ERROR (AllExceptionHandler.java:17)- null
2018-05-14 01:27:54,737 ERROR (DangQianYeDataC.java:258)- ---dang qian ye shuju yong yu na ge yemian?----dingJiaType=<null>---------------------
2018-05-14 01:33:40,535 ERROR (AllExceptionHandler.java:17)- null
2018-05-14 01:34:03,791 ERROR (DangQianYeDataC.java:258)- ---dang qian ye shuju yong yu na ge yemian?----dingJiaType=<null>---------------------
2018-05-14 01:35:31,010 ERROR (AllExceptionHandler.java:17)- null
2018-05-14 01:39:26,592 ERROR (DangQianYeDataC.java:258)- ---dang qian ye shuju yong yu na ge yemian?----dingJiaType=<null>---------------------
2018-05-14 01:46:43,894 ERROR (DangQianYeDataC.java:258)- ---dang qian ye shuju yong yu na ge yemian?----dingJiaType=<null>---------------------
2018-05-14 01:46:44,474 ERROR (AllExceptionHandler.java:17)- null
2018-05-14 01:47:10,975 ERROR (DangQianYeDataC.java:258)- ---dang qian ye shuju yong yu na ge yemian?----dingJiaType=<null>---------------------
2018-05-14 01:47:27,000 ERROR (AllExceptionHandler.java:17)- null
2018-05-14 01:52:26,268 ERROR (DangQianYeDataC.java:258)- ---dang qian ye shuju yong yu na ge yemian?----dingJiaType=<null>---------------------
2018-05-14 01:52:46,914 ERROR (AllExceptionHandler.java:17)- null
2018-05-14 01:53:28,424 ERROR (DangQianYeDataC.java:258)- ---dang qian ye shuju yong yu na ge yemian?----dingJiaType=<null>---------------------
2018-05-14 01:53:57,103 ERROR (AllExceptionHandler.java:17)- null
2018-05-14 01:54:54,331 ERROR (DangQianYeDataC.java:258)- ---dang qian ye shuju yong yu na ge yemian?----dingJiaType=<null>---------------------
2018-05-14 01:54:54,912 ERROR (AllExceptionHandler.java:17)- null
2018-05-14 01:56:01,408 ERROR (DangQianYeDataC.java:258)- ---dang qian ye shuju yong yu na ge yemian?----dingJiaType=<null>---------------------
2018-05-14 01:56:02,006 ERROR (AllExceptionHandler.java:17)- null
2018-05-14 01:58:17,315 ERROR (DangQianYeDataC.java:258)- ---dang qian ye shuju yong yu na ge yemian?----dingJiaType=<null>---------------------
2018-05-14 01:58:17,887 ERROR (AllExceptionHandler.java:17)- null
2018-05-14 02:01:14,389 ERROR (DangQianYeDataC.java:258)- ---dang qian ye shuju yong yu na ge yemian?----dingJiaType=<null>---------------------
2018-05-14 02:01:14,971 ERROR (AllExceptionHandler.java:17)- null
2018-05-14 02:09:01,697 ERROR (DangQianYeDataC.java:258)- ---dang qian ye shuju yong yu na ge yemian?----dingJiaType=<null>---------------------
2018-05-14 02:23:02,657 ERROR (DangQianYeDataC.java:258)- ---dang qian ye shuju yong yu na ge yemian?----dingJiaType=<null>---------------------
2018-05-14 02:23:04,019 ERROR (AllExceptionHandler.java:17)- 
### Error querying database.  Cause: com.microsoft.sqlserver.jdbc.SQLServerException: 关键字 'GROUP' 附近有语法错误。
### The error may exist in file [E:\1\work_space\LINZHAN\LinZhan_Picture_ReportTable\target\classes\mybatis\xmlmapper\A001TongYong.xml]
### The error may involve defaultParameterMap
### The error occurred while setting parameters
### SQL: Select         top 20         a.s_dd --as sDd,---价格创建日期         ,a.up --as up ,--价格         ,a.qty --as qty ,--数量         ,a.HJ_NO---单位         ,a.cur_id ---as curId,----币别代号         ,a.bil_type----01代表不含运费的单价         ,a.rem---备注,打样系统的会存为"打样系统"         ,a.price_id----1代表销售价格, 2代表采购价格         ,b.name ----as curName ----币别名字         --- ,isnull(a.OLEFIELD,'') as olefield---是页面四条数据保存的时候关联同一次的字段         ,isnull(a.OLEFIELD,'') as dingJiaGuanLian--是页面四条数据保存的时候关联同一次的字段         from up_def a         LEFT JOIN  prdt d ON d.prd_no=a.prd_no         LEFT JOIN cur_id b ON a.cur_id=b.cur_id         where         a.prd_no=?         AND         a.OLEFIELD like '%SamplesSys%'                 AND                 a.price_id=?                 AND                 a.cur_id=?                 AND                 a.bil_type=?         ORDER BY         a.s_dd DESC         GROUP BY          a.s_dd --as sDd,---价格创建日期         ,a.up --as up ,--价格         ,a.qty --as qty ,--数量         ,a.HJ_NO---单位         ,a.cur_id ---as curId,----币别代号         ,a.bil_type----01代表不含运费的单价         ,a.rem---备注,打样系统的会存为"打样系统"         ,a.price_id----1代表销售价格, 2代表采购价格         ,b.name ----as curName ----币别名字         --- ,isnull(a.OLEFIELD,'') as olefield---是页面四条数据保存的时候关联同一次的字段         ,isnull(a.OLEFIELD,'')
### Cause: com.microsoft.sqlserver.jdbc.SQLServerException: 关键字 'GROUP' 附近有语法错误。
; bad SQL grammar []; nested exception is com.microsoft.sqlserver.jdbc.SQLServerException: 关键字 'GROUP' 附近有语法错误。
2018-05-14 02:24:08,285 ERROR (DangQianYeDataC.java:258)- ---dang qian ye shuju yong yu na ge yemian?----dingJiaType=<null>---------------------
2018-05-14 02:25:26,117 ERROR (DangQianYeDataC.java:258)- ---dang qian ye shuju yong yu na ge yemian?----dingJiaType=<null>---------------------
2018-05-14 02:25:29,287 ERROR (DangQianYeDataC.java:258)- ---dang qian ye shuju yong yu na ge yemian?----dingJiaType=<null>---------------------
2018-05-14 02:28:22,781 ERROR (DangQianYeDataC.java:258)- ---dang qian ye shuju yong yu na ge yemian?----dingJiaType=<null>---------------------
2018-05-14 02:28:23,448 ERROR (AllExceptionHandler.java:17)- 
### Error querying database.  Cause: com.microsoft.sqlserver.jdbc.SQLServerException: 选择列表中的列 'up_def.S_DD' 无效，因为该列没有包含在聚合函数或 GROUP BY 子句中。
### The error may exist in file [E:\1\work_space\LINZHAN\LinZhan_Picture_ReportTable\target\classes\mybatis\xmlmapper\A001TongYong.xml]
### The error may involve defaultParameterMap
### The error occurred while setting parameters
### SQL: Select         top 20         a.s_dd --as sDd,---价格创建日期         ,a.up --as up ,--价格         ,a.qty --as qty ,--数量         ,a.HJ_NO---单位         ,a.cur_id ---as curId,----币别代号         ,a.bil_type----01代表不含运费的单价         ,a.rem---备注,打样系统的会存为"打样系统"         ,a.price_id----1代表销售价格, 2代表采购价格         ,b.name ----as curName ----币别名字         --- ,isnull(a.OLEFIELD,'') as olefield---是页面四条数据保存的时候关联同一次的字段         ,isnull(a.OLEFIELD,'') as dingJiaGuanLian--是页面四条数据保存的时候关联同一次的字段         from up_def a         LEFT JOIN  prdt d ON d.prd_no=a.prd_no         LEFT JOIN cur_id b ON a.cur_id=b.cur_id         where         a.prd_no=?         AND         a.OLEFIELD like '%SamplesSys%'                 AND                 a.price_id=?                 AND                 a.cur_id=?                 AND                 a.bil_type=?          GROUP BY          isnull(a.OLEFIELD,'')           ORDER BY         a.s_dd DESC
### Cause: com.microsoft.sqlserver.jdbc.SQLServerException: 选择列表中的列 'up_def.S_DD' 无效，因为该列没有包含在聚合函数或 GROUP BY 子句中。
; uncategorized SQLException for SQL []; SQL state [S0001]; error code [8120]; 选择列表中的列 'up_def.S_DD' 无效，因为该列没有包含在聚合函数或 GROUP BY 子句中。; nested exception is com.microsoft.sqlserver.jdbc.SQLServerException: 选择列表中的列 'up_def.S_DD' 无效，因为该列没有包含在聚合函数或 GROUP BY 子句中。
2018-05-14 11:09:14,590 ERROR (DangQianYeDataC.java:258)- ---dang qian ye shuju yong yu na ge yemian?----dingJiaType=<null>---------------------
2018-05-14 11:09:24,976 ERROR (DangQianYeDataC.java:258)- ---dang qian ye shuju yong yu na ge yemian?----dingJiaType=<null>---------------------
2018-05-14 11:27:42,857 ERROR (DangQianYeDataC.java:258)- ---dang qian ye shuju yong yu na ge yemian?----dingJiaType=<null>---------------------
2018-05-14 11:34:40,137 ERROR (DangQianYeDataC.java:258)- ---dang qian ye shuju yong yu na ge yemian?----dingJiaType=<null>---------------------
2018-05-14 15:01:38,526 ERROR (AllExceptionHandler.java:17)- 
### Error updating database.  Cause: com.microsoft.sqlserver.jdbc.SQLServerException: 将截断字符串或二进制数据。
### The error may involve com.winwin.picreport.Ddao.reportxmlmapper.ManyTabSerch.insertUnitToUt1OfPrdt-Inline
### The error occurred while setting parameters
### SQL: UPDATE PRDT SET UT1=? WHERE prd_no=?
### Cause: com.microsoft.sqlserver.jdbc.SQLServerException: 将截断字符串或二进制数据。
; SQL []; 将截断字符串或二进制数据。; nested exception is com.microsoft.sqlserver.jdbc.SQLServerException: 将截断字符串或二进制数据。
2018-05-14 15:20:49,778 ERROR (DangQianYeDataC.java:258)- ---dang qian ye shuju yong yu na ge yemian?----dingJiaType=<null>---------------------
2018-05-14 15:27:38,502 ERROR (DangQianYeDataC.java:258)- ---dang qian ye shuju yong yu na ge yemian?----dingJiaType=<null>---------------------
2018-05-14 15:27:41,948 ERROR (DangQianYeDataC.java:258)- ---dang qian ye shuju yong yu na ge yemian?----dingJiaType=<null>---------------------
2018-05-14 15:28:23,382 ERROR (AllExceptionHandler.java:17)- 保存定价失败
2018-05-14 15:29:17,492 ERROR (AllExceptionHandler.java:17)- 保存定价失败
2018-05-14 15:29:20,968 ERROR (AllExceptionHandler.java:17)- 保存定价失败
2018-05-14 15:29:22,201 ERROR (AllExceptionHandler.java:17)- 保存定价失败
2018-05-14 15:29:22,355 ERROR (AllExceptionHandler.java:17)- 保存定价失败
2018-05-14 15:29:22,516 ERROR (AllExceptionHandler.java:17)- 保存定价失败
2018-05-14 15:29:22,648 ERROR (AllExceptionHandler.java:17)- 保存定价失败
2018-05-14 15:29:59,318 ERROR (AllExceptionHandler.java:17)- 保存定价失败
2018-05-14 15:30:04,379 ERROR (AllExceptionHandler.java:17)- 保存定价失败
2018-05-14 15:32:53,671 ERROR (AllExceptionHandler.java:17)- 保存定价失败
2018-05-14 15:35:46,869 ERROR (AllExceptionHandler.java:17)- 保存定价失败
2018-05-14 15:36:53,147 ERROR (AllExceptionHandler.java:17)- 保存定价失败
2018-05-14 15:39:49,765 ERROR (AllExceptionHandler.java:17)- 保存定价失败
2018-05-14 15:41:08,058 ERROR (AllExceptionHandler.java:17)- 保存定价失败
2018-05-14 15:45:25,532 ERROR (AllExceptionHandler.java:17)- 保存定价失败
2018-05-14 16:52:36,413 ERROR (AllExceptionHandler.java:17)- 保存定价失败
2018-05-14 17:01:51,856 ERROR (AllExceptionHandler.java:17)- 保存定价失败
2018-05-14 17:24:52,580 ERROR (AllExceptionHandler.java:17)- 保存定价失败
2018-05-14 17:29:12,754 ERROR (AllExceptionHandler.java:17)- Mapper method 'com.winwin.picreport.Ddao.reportxmlmapper.A001TongYongMapper.updateUtToPrdtUsePrdNo attempted to return null from a method with a primitive return type (int).
2018-05-14 17:30:35,501 ERROR (AllExceptionHandler.java:17)- Mapper method 'com.winwin.picreport.Ddao.reportxmlmapper.A001TongYongMapper.updateUtToPrdtUsePrdNo attempted to return null from a method with a primitive return type (int).
2018-05-14 17:35:04,789 ERROR (AllExceptionHandler.java:17)- Mapper method 'com.winwin.picreport.Ddao.reportxmlmapper.A001TongYongMapper.updateUtToPrdtUsePrdNo attempted to return null from a method with a primitive return type (int).
2018-05-14 17:36:37,293 ERROR (AllExceptionHandler.java:17)- Mapper method 'com.winwin.picreport.Ddao.reportxmlmapper.A001TongYongMapper.updateUtToPrdtUsePrdNo attempted to return null from a method with a primitive return type (int).
2018-05-14 17:39:42,546 ERROR (AllExceptionHandler.java:17)- 保存定价失败
2018-05-14 18:15:00,609 ERROR (DangQianYeDataC.java:258)- ---dang qian ye shuju yong yu na ge yemian?----dingJiaType=<null>---------------------
2018-05-14 18:17:54,741 ERROR (DangQianYeDataC.java:258)- ---dang qian ye shuju yong yu na ge yemian?----dingJiaType=<null>---------------------
2018-05-14 18:18:44,668 ERROR (DangQianYeDataC.java:258)- ---dang qian ye shuju yong yu na ge yemian?----dingJiaType=<null>---------------------
2018-05-14 18:19:18,353 ERROR (AllExceptionHandler.java:17)- 保存定价失败
2018-05-14 18:21:59,848 ERROR (DangQianYeDataC.java:258)- ---dang qian ye shuju yong yu na ge yemian?----dingJiaType=<null>---------------------
2018-05-14 18:22:01,583 ERROR (DangQianYeDataC.java:258)- ---dang qian ye shuju yong yu na ge yemian?----dingJiaType=<null>---------------------
2018-05-14 18:23:34,065 ERROR (DangQianYeDataC.java:258)- ---dang qian ye shuju yong yu na ge yemian?----dingJiaType=<null>---------------------
2018-05-14 18:24:58,669 ERROR (AllExceptionHandler.java:17)- 保存定价失败
2018-05-14 22:13:49,658 ERROR (DangQianYeDataC.java:258)- ---dang qian ye shuju yong yu na ge yemian?----dingJiaType=<null>---------------------
2018-05-14 22:15:12,613 ERROR (DangQianYeDataC.java:258)- ---dang qian ye shuju yong yu na ge yemian?----dingJiaType=<null>---------------------
2018-05-14 22:15:20,023 ERROR (DangQianYeDataC.java:258)- ---dang qian ye shuju yong yu na ge yemian?----dingJiaType=<null>---------------------
2018-05-14 22:15:31,434 ERROR (DangQianYeDataC.java:258)- ---dang qian ye shuju yong yu na ge yemian?----dingJiaType=<null>---------------------
2018-05-14 22:15:41,755 ERROR (DangQianYeDataC.java:258)- ---dang qian ye shuju yong yu na ge yemian?----dingJiaType=<null>---------------------
